Thu Mar 17 2022 11:02:59 GMT+0000 (Coordinated Universal Time) createconfession
Cannot read properties of undefined (reading 'trim')

Thu Mar 17 2022 11:03:26 GMT+0000 (Coordinated Universal Time) createconfession
Cannot read properties of undefined (reading 'trim')

Thu Mar 17 2022 11:04:15 GMT+0000 (Coordinated Universal Time) createconfession
folder is not defined

Thu Mar 17 2022 11:05:49 GMT+0000 (Coordinated Universal Time) createconfession
folder is not defined

Thu Mar 17 2022 11:06:28 GMT+0000 (Coordinated Universal Time) uploadimage
folder is not defined

Thu Mar 17 2022 11:06:48 GMT+0000 (Coordinated Universal Time) uploadimage
imagepath is not defined

Thu Mar 17 2022 11:08:16 GMT+0000 (Coordinated Universal Time) uploadimage
imagepath is not defined

Thu Mar 17 2022 11:23:20 GMT+0000 (Coordinated Universal Time) uploadimage
Cannot read properties of undefined (reading 'trim')

Thu Mar 17 2022 11:24:36 GMT+0000 (Coordinated Universal Time) uploadimage
Cannot read properties of undefined (reading 'trim')

Thu Mar 17 2022 11:25:10 GMT+0000 (Coordinated Universal Time) uploadimage
Cannot read properties of undefined (reading 'trim')

Thu Mar 17 2022 11:27:06 GMT+0000 (Coordinated Universal Time) uploadimage
Cannot read properties of undefined (reading 'trim')

Thu Mar 17 2022 11:27:40 GMT+0000 (Coordinated Universal Time) uploadimage
Cannot read properties of undefined (reading 'trim')

Thu Mar 17 2022 11:28:16 GMT+0000 (Coordinated Universal Time) uploadimage
Cannot read properties of undefined (reading 'trim')

Thu Mar 17 2022 11:28:54 GMT+0000 (Coordinated Universal Time) uploadimage
Cannot read properties of undefined (reading 'trim')

